<?xml version="1.0" encoding="UTF-8"?>
<!-- Generated by org.testng.reporters.JUnitReportReporter -->
<testsuite hostname="DESKTOP-RDK9582" failures="0" tests="1" name="MyStore.com.Mystore.TestCases.TC_myaccouny" time="14.098" errors="0" timestamp="2025-07-16T10:24:20 IST" skipped="0">
  <testcase classname="MyStore.com.Mystore.TestCases.TC_myaccouny" name="verifyMyaccount" time="14.098"/>
  <system-out/>
</testsuite> <!-- MyStore.com.Mystore.TestCases.TC_myaccouny -->
