<?xml version="1.0" encoding="UTF-8"?>
<!-- Generated by org.testng.reporters.JUnitReportReporter -->
<testsuite hostname="DESKTOP-RDK9582" failures="0" tests="1" name="MyStore.com.Mystore.TestCases.TC_Alreadyregistere" time="8.107" errors="0" timestamp="2025-07-17T11:04:44 IST" skipped="0">
  <testcase classname="MyStore.com.Mystore.TestCases.TC_Alreadyregistere" name="verifyRegistration" time="8.107"/>
  <system-out/>
</testsuite> <!-- MyStore.com.Mystore.TestCases.TC_Alreadyregistere -->
