<?xml version="1.0" encoding="UTF-8"?>
<!-- Generated by org.testng.reporters.JUnitReportReporter -->
<testsuite hostname="DESKTOP-RDK9582" failures="0" tests="1" name="MyStore.com.Mystore.TestCases.TC_DDDTC_Alreadyregistere" time="0.000" errors="0" timestamp="2025-07-16T10:22:22 IST" skipped="1">
  <testcase classname="MyStore.com.Mystore.TestCases.TC_DDDTC_Alreadyregistere" name="verifyRegistration" time="0.000">
    <skipped/>
  </testcase> <!-- verifyRegistration -->
  <system-out/>
</testsuite> <!-- MyStore.com.Mystore.TestCases.TC_DDDTC_Alreadyregistere -->
